01:25:00 **** Incremental Build of configuration Debug for project AVR_INTERFACING ****
make all 
Building file: ../main.c
Invoking: AVR Compiler
avr-gcc -Wall -g2 -gstabs -O0 -fpack-struct -fshort-enums -ffunction-sections -fdata-sections -std=gnu99 -funsigned-char -funsigned-bitfields -mmcu=atmega16 -DF_CPU=1000000UL -MMD -MP -MF"main.d" -MT"main.o" -c -o "main.o" "../main.c"
In file included from ../main.c:12:
c:/winavr-20100110/lib/gcc/../../avr/include/util/delay.h:90:3: warning: #warning "Compiler optimizations disabled; functions from <util/delay.h> won't work as designed"
../main.c: In function 'main':
../main.c:24: warning: pointer targets in passing argument 1 of 'LCD_void_sendString' differ in signedness
Finished building: ../main.c
 
Building target: AVR_INTERFACING.elf
Invoking: AVR C Linker
avr-gcc -Wl,-Map,AVR_INTERFACING.map -mmcu=atmega16 -o "AVR_INTERFACING.elf"  ./.metadata/.plugins/org.eclipse.cdt.make.core/specs.o  ./DC_MOTOR.o ./EXTI.o ./GIE_R.o ./GPIO.o ./KEYBAD.o ./LCD.o ./Timer0.o ./main.o   
Finished building target: AVR_INTERFACING.elf
 
Invoking: AVR Create Extended Listing
avr-objdump -h -S AVR_INTERFACING.elf  >"AVR_INTERFACING.lss"
Finished building: AVR_INTERFACING.lss
 
Create Flash image (ihex format)
avr-objcopy -R .eeprom -R .fuse -R .lock -R .signature -O ihex AVR_INTERFACING.elf  "AVR_INTERFACING.hex"
Finished building: AVR_INTERFACING.hex
 
Invoking: Print Size
avr-size --format=avr --mcu=atmega16 AVR_INTERFACING.elf
AVR Memory Usage
----------------
Device: atmega16

Program:   12502 bytes (76.3% Full)
(.text + .data + .bootloader)

Data:         98 bytes (9.6% Full)
(.data + .bss + .noinit)


Finished building: sizedummy
 

01:25:03 Build Finished. 0 errors, 2 warnings. (took 3s.34ms)

