16:16:05 **** Incremental Build of configuration Debug for project AVR_INTERFACING ****
make all 
Building file: ../ADC.c
Invoking: AVR Compiler
avr-gcc -Wall -g2 -gstabs -O0 -fpack-struct -fshort-enums -ffunction-sections -fdata-sections -std=gnu99 -funsigned-char -funsigned-bitfields -mmcu=atmega16 -DF_CPU=1000000UL -MMD -MP -MF"ADC.d" -MT"ADC.o" -c -o "ADC.o" "../ADC.c"
Finished building: ../ADC.c
 
Building target: AVR_INTERFACING.elf
Invoking: AVR C Linker
avr-gcc -Wl,-Map,AVR_INTERFACING.map -mmcu=atmega16 -o "AVR_INTERFACING.elf"  ./.metadata/.plugins/org.eclipse.cdt.make.core/specs.o  ./ADC.o ./DC_MOTOR.o ./EXTI.o ./GPIO.o ./LCD.o ./LM35.o ./Timer0.o ./main.o   
Finished building target: AVR_INTERFACING.elf
 
Invoking: AVR Create Extended Listing
avr-objdump -h -S AVR_INTERFACING.elf  >"AVR_INTERFACING.lss"
Finished building: AVR_INTERFACING.lss
 
Create Flash image (ihex format)
avr-objcopy -R .eeprom -R .fuse -R .lock -R .signature -O ihex AVR_INTERFACING.elf  "AVR_INTERFACING.hex"
Finished building: AVR_INTERFACING.hex
 
Invoking: Print Size
avr-size --format=avr --mcu=atmega16 AVR_INTERFACING.elf
AVR Memory Usage
----------------
Device: atmega16

Program:   12110 bytes (73.9% Full)
(.text + .data + .bootloader)

Data:         56 bytes (5.5% Full)
(.data + .bss + .noinit)


Finished building: sizedummy
 

16:16:07 Build Finished. 0 errors, 0 warnings. (took 1s.504ms)

