09:27:23 **** Build of configuration Debug for project cooling system ****
make all 
Building file: ../ADC.c
Invoking: AVR Compiler
avr-gcc -I"E:\NTI1\AVR Mini Projects\ADC_cooling system\cooling system\inc" -Wall -g2 -gstabs -O0 -fpack-struct -fshort-enums -ffunction-sections -fdata-sections -std=gnu99 -funsigned-char -funsigned-bitfields -mmcu=atmega16 -DF_CPU=1000000UL -MMD -MP -MF"ADC.d" -MT"ADC.o" -c -o "ADC.o" "../ADC.c"
Finished building: ../ADC.c
 
Building file: ../DC_MOTOR.c
Invoking: AVR Compiler
avr-gcc -I"E:\NTI1\AVR Mini Projects\ADC_cooling system\cooling system\inc" -Wall -g2 -gstabs -O0 -fpack-struct -fshort-enums -ffunction-sections -fdata-sections -std=gnu99 -funsigned-char -funsigned-bitfields -mmcu=atmega16 -DF_CPU=1000000UL -MMD -MP -MF"DC_MOTOR.d" -MT"DC_MOTOR.o" -c -o "DC_MOTOR.o" "../DC_MOTOR.c"
../DC_MOTOR.c: In function 'DcMotor_Init':
../DC_MOTOR.c:16: warning: passing argument 1 of 'DIO_voidSetPinDirection' discards qualifiers from pointer target type
../DC_MOTOR.c:17: warning: passing argument 1 of 'DIO_voidSetPinDirection' discards qualifiers from pointer target type
../DC_MOTOR.c:20: warning: passing argument 1 of 'DIO_voidSetPinDirection' discards qualifiers from pointer target type
Finished building: ../DC_MOTOR.c
 
Building file: ../EXTI.c
Invoking: AVR Compiler
avr-gcc -I"E:\NTI1\AVR Mini Projects\ADC_cooling system\cooling system\inc" -Wall -g2 -gstabs -O0 -fpack-struct -fshort-enums -ffunction-sections -fdata-sections -std=gnu99 -funsigned-char -funsigned-bitfields -mmcu=atmega16 -DF_CPU=1000000UL -MMD -MP -MF"EXTI.d" -MT"EXTI.o" -c -o "EXTI.o" "../EXTI.c"
Finished building: ../EXTI.c
 
Building file: ../GPIO.c
Invoking: AVR Compiler
avr-gcc -I"E:\NTI1\AVR Mini Projects\ADC_cooling system\cooling system\inc" -Wall -g2 -gstabs -O0 -fpack-struct -fshort-enums -ffunction-sections -fdata-sections -std=gnu99 -funsigned-char -funsigned-bitfields -mmcu=atmega16 -DF_CPU=1000000UL -MMD -MP -MF"GPIO.d" -MT"GPIO.o" -c -o "GPIO.o" "../GPIO.c"
Finished building: ../GPIO.c
 
Building file: ../LCD.c
Invoking: AVR Compiler
avr-gcc -I"E:\NTI1\AVR Mini Projects\ADC_cooling system\cooling system\inc" -Wall -g2 -gstabs -O0 -fpack-struct -fshort-enums -ffunction-sections -fdata-sections -std=gnu99 -funsigned-char -funsigned-bitfields -mmcu=atmega16 -DF_CPU=1000000UL -MMD -MP -MF"LCD.d" -MT"LCD.o" -c -o "LCD.o" "../LCD.c"
In file included from ../LCD.c:12:
c:/winavr-20100110/lib/gcc/../../avr/include/util/delay.h:90:3: warning: #warning "Compiler optimizations disabled; functions from <util/delay.h> won't work as designed"
../LCD.c: In function 'LCD_void_Init':
../LCD.c:19: warning: passing argument 1 of 'DIO_voidSetPinDirection' discards qualifiers from pointer target type
../LCD.c:20: warning: passing argument 1 of 'DIO_voidSetPinDirection' discards qualifiers from pointer target type
../LCD.c:21: warning: passing argument 1 of 'DIO_voidSetPinDirection' discards qualifiers from pointer target type
../LCD.c:22: warning: passing argument 1 of 'DIO_voidSetPinDirection' discards qualifiers from pointer target type
../LCD.c:23: warning: passing argument 1 of 'DIO_voidSetPinDirection' discards qualifiers from pointer target type
../LCD.c:24: warning: passing argument 1 of 'DIO_voidSetPinDirection' discards qualifiers from pointer target type
../LCD.c:26: warning: passing argument 1 of 'DIO_voidSetPinValue' discards qualifiers from pointer target type
../LCD.c: In function 'LCD_void_sendData':
../LCD.c:60: warning: passing argument 1 of 'DIO_voidSetPinValue' discards qualifiers from pointer target type
../LCD.c: In function 'LCD_void_sendCommand':
../LCD.c:67: warning: passing argument 1 of 'DIO_voidSetPinValue' discards qualifiers from pointer target type
../LCD.c: In function 'H_LCD_void_latchByte':
../LCD.c:170: warning: passing argument 1 of 'DIO_voidSetPinValue' discards qualifiers from pointer target type
../LCD.c:171: warning: passing argument 1 of 'DIO_voidSetPinValue' discards qualifiers from pointer target type
../LCD.c:172: warning: passing argument 1 of 'DIO_voidSetPinValue' discards qualifiers from pointer target type
../LCD.c:173: warning: passing argument 1 of 'DIO_voidSetPinValue' discards qualifiers from pointer target type
../LCD.c:175: warning: passing argument 1 of 'DIO_voidSetPinValue' discards qualifiers from pointer target type
../LCD.c:177: warning: passing argument 1 of 'DIO_voidSetPinValue' discards qualifiers from pointer target type
../LCD.c:180: warning: passing argument 1 of 'DIO_voidSetPinValue' discards qualifiers from pointer target type
../LCD.c:181: warning: passing argument 1 of 'DIO_voidSetPinValue' discards qualifiers from pointer target type
../LCD.c:182: warning: passing argument 1 of 'DIO_voidSetPinValue' discards qualifiers from pointer target type
../LCD.c:183: warning: passing argument 1 of 'DIO_voidSetPinValue' discards qualifiers from pointer target type
../LCD.c:185: warning: passing argument 1 of 'DIO_voidSetPinValue' discards qualifiers from pointer target type
../LCD.c:187: warning: passing argument 1 of 'DIO_voidSetPinValue' discards qualifiers from pointer target type
Finished building: ../LCD.c
 
Building file: ../LM35.c
Invoking: AVR Compiler
avr-gcc -I"E:\NTI1\AVR Mini Projects\ADC_cooling system\cooling system\inc" -Wall -g2 -gstabs -O0 -fpack-struct -fshort-enums -ffunction-sections -fdata-sections -std=gnu99 -funsigned-char -funsigned-bitfields -mmcu=atmega16 -DF_CPU=1000000UL -MMD -MP -MF"LM35.d" -MT"LM35.o" -c -o "LM35.o" "../LM35.c"
../LM35.c: In function 'LM35_getTemperature':
../LM35.c:17: warning: passing argument 1 of 'DIO_voidSetPinDirection' discards qualifiers from pointer target type
Finished building: ../LM35.c
 
Building file: ../Timer0.c
Invoking: AVR Compiler
avr-gcc -I"E:\NTI1\AVR Mini Projects\ADC_cooling system\cooling system\inc" -Wall -g2 -gstabs -O0 -fpack-struct -fshort-enums -ffunction-sections -fdata-sections -std=gnu99 -funsigned-char -funsigned-bitfields -mmcu=atmega16 -DF_CPU=1000000UL -MMD -MP -MF"Timer0.d" -MT"Timer0.o" -c -o "Timer0.o" "../Timer0.c"
../Timer0.c: In function 'setFastPWM':
../Timer0.c:116: warning: suggest parentheses around comparison in operand of &
../Timer0.c:120: warning: suggest parentheses around comparison in operand of &
../Timer0.c: In function 'setphaseCorrectPWM':
../Timer0.c:127: warning: suggest parentheses around comparison in operand of &
../Timer0.c:131: warning: suggest parentheses around comparison in operand of &
Finished building: ../Timer0.c
 
Building file: ../main.c
Invoking: AVR Compiler
avr-gcc -I"E:\NTI1\AVR Mini Projects\ADC_cooling system\cooling system\inc" -Wall -g2 -gstabs -O0 -fpack-struct -fshort-enums -ffunction-sections -fdata-sections -std=gnu99 -funsigned-char -funsigned-bitfields -mmcu=atmega16 -DF_CPU=1000000UL -MMD -MP -MF"main.d" -MT"main.o" -c -o "main.o" "../main.c"
Finished building: ../main.c
 
Building target: cooling system.elf
Invoking: AVR C Linker
avr-gcc -Wl,-Map,cooling system.map -mmcu=atmega16 -o "cooling system.elf"  ./ADC.o ./DC_MOTOR.o ./EXTI.o ./GPIO.o ./LCD.o ./LM35.o ./Timer0.o ./main.o   
avr-gcc.exe: system.map: No such file or directory
make: *** [cooling system.elf] Error 1
"make all" terminated with exit code 2. Build might be incomplete.

09:27:30 Build Failed. 1 errors, 30 warnings. (took 7s.464ms)

