22:34:51 **** Incremental Build of configuration Debug for project AVR_INTERFACING ****
make all 
Building file: ../main.c
Invoking: AVR Compiler
avr-gcc -Wall -g2 -gstabs -O0 -fpack-struct -fshort-enums -ffunction-sections -fdata-sections -std=gnu99 -funsigned-char -funsigned-bitfields -mmcu=atmega16 -DF_CPU=1000000UL -MMD -MP -MF"main.d" -MT"main.o" -c -o "main.o" "../main.c"
In file included from ../main.c:7:
c:/winavr-20100110/lib/gcc/../../avr/include/util/delay.h:90:3: warning: #warning "Compiler optimizations disabled; functions from <util/delay.h> won't work as designed"
../main.c: In function 'led':
../main.c:15: warning: passing argument 1 of 'DIO_voidSetPinDirection' discards qualifiers from pointer target type
../main.c:16: warning: passing argument 1 of 'DIO_voidSetPinValue' discards qualifiers from pointer target type
../main.c: In function 'main':
../main.c:46: warning: passing argument 1 of 'DIO_voidSetPinDirection' discards qualifiers from pointer target type
../main.c:57: warning: unused variable 'distance'
Finished building: ../main.c
 
Building target: AVR_INTERFACING.elf
Invoking: AVR C Linker
avr-gcc -Wl,-Map,AVR_INTERFACING.map -mmcu=atmega16 -o "AVR_INTERFACING.elf"  ./.metadata/.plugins/org.eclipse.cdt.make.core/specs.o  ./EXTI.o ./GIE_R.o ./GPIO.o ./KEYBAD.o ./LCD.o ./LED.o ./RELAY.o ./TIMER1_prog.o ./Timer0.o ./ULTRASONIC.o ./main.o   
Finished building target: AVR_INTERFACING.elf
 
Invoking: AVR Create Extended Listing
avr-objdump -h -S AVR_INTERFACING.elf  >"AVR_INTERFACING.lss"
Finished building: AVR_INTERFACING.lss
 
Create Flash image (ihex format)
avr-objcopy -R .eeprom -R .fuse -R .lock -R .signature -O ihex AVR_INTERFACING.elf  "AVR_INTERFACING.hex"
Finished building: AVR_INTERFACING.hex
 
Invoking: Print Size
avr-size --format=avr --mcu=atmega16 AVR_INTERFACING.elf
AVR Memory Usage
----------------
Device: atmega16

Program:   17676 bytes (107.9% Full)
(.text + .data + .bootloader)

Data:         69 bytes (6.7% Full)
(.data + .bss + .noinit)


Finished building: sizedummy
 

22:34:53 Build Finished. 0 errors, 5 warnings. (took 1s.305ms)

